-- The C compiler identification is GNU 11.4.0
-- The CXX compiler identification is GNU 11.4.0
-- Detecting C compiler ABI info
-- Detecting C compiler ABI info - done
-- Check for working C compiler: /usr/bin/cc - skipped
-- Detecting C compile features
-- Detecting C compile features - done
-- Detecting CXX compiler ABI info
-- Detecting CXX compiler ABI info - done
-- Check for working CXX compiler: /usr/bin/c++ - skipped
-- Detecting CXX compile features
-- Detecting CXX compile features - done
-- Found ament_cmake_auto: 1.3.12 (/opt/ros/humble/share/ament_cmake_auto/cmake)
-- Found Python3: /usr/bin/python3 (found version "3.10.12") found components: Interpreter 
-- Override CMake install command with custom implementation using symlinks instead of copying resources
-- Found geometry_msgs: 4.9.0 (/opt/ros/humble/share/geometry_msgs/cmake)
-- Found rosidl_generator_c: 3.1.8 (/opt/ros/humble/share/rosidl_generator_c/cmake)
-- Found rosidl_adapter: 3.1.8 (/opt/ros/humble/share/rosidl_adapter/cmake)
-- Found rosidl_generator_cpp: 3.1.8 (/opt/ros/humble/share/rosidl_generator_cpp/cmake)
-- Using all available rosidl_typesupport_c: rosidl_typesupport_fastrtps_c;rosidl_typesupport_introspection_c
-- Using all available rosidl_typesupport_cpp: rosidl_typesupport_fastrtps_cpp;rosidl_typesupport_introspection_cpp
-- Found rclcpp: 16.0.17 (/opt/ros/humble/share/rclcpp/cmake)
-- Found rmw_implementation_cmake: 6.1.2 (/opt/ros/humble/share/rmw_implementation_cmake/cmake)
-- Found rmw_fastrtps_cpp: 6.2.9 (/opt/ros/humble/share/rmw_fastrtps_cpp/cmake)
-- Found OpenSSL: /usr/lib/x86_64-linux-gnu/libcrypto.so (found version "3.0.2")  
-- Found FastRTPS: /opt/ros/humble/include  
-- Using RMW implementation 'rmw_fastrtps_cpp' as default
-- Looking for pthread.h
-- Looking for pthread.h - found
-- Performing Test CMAKE_HAVE_LIBC_PTHREAD
-- Performing Test CMAKE_HAVE_LIBC_PTHREAD - Success
-- Found Threads: TRUE  
-- Found nav_msgs: 4.9.0 (/opt/ros/humble/share/nav_msgs/cmake)
[0mIn this package, headers install destination is set to `include` by ament_auto_package. It is recommended to install `include/first_challenge_shibata` instead and will be the default behavior of ament_auto_package from ROS 2 Kilted Kaiju. On distributions before Kilted, ament_auto_package behaves the same way when you use USE_SCOPED_HEADER_INSTALL_DIR option.[0m
-- Configuring done
-- Generating done
-- Build files have been written to: /home/user/ws/src/first_challenge_shibata/build/first_challenge_shibata
[ 33%] [32mBuilding CXX object CMakeFiles/first_challenge_node.dir/src/first_challenge.cpp.o[0m
[ 66%] [32mBuilding CXX object CMakeFiles/first_challenge_node.dir/src/first_challenge_node.cpp.o[0m
[100%] [32m[1mLinking CXX executable first_challenge_node[0m
[100%] Built target first_challenge_node
-- Install configuration: "RelWithDebInfo"
-- Execute custom install script
-- Symlinking: /home/user/ws/src/first_challenge_shibata/install/first_challenge_shibata/share/first_challenge_shibata//launch/first_challenge.launch.xml
-- Symlinking: /home/user/ws/src/first_challenge_shibata/install/first_challenge_shibata/include/first_challenge/first_challenge.hpp
-- Symlinking: /home/user/ws/src/first_challenge_shibata/install/first_challenge_shibata/lib/first_challenge_shibata/first_challenge_node
-- Symlinking: /home/user/ws/src/first_challenge_shibata/install/first_challenge_shibata/share/ament_index/resource_index/package_run_dependencies/first_challenge_shibata
-- Symlinking: /home/user/ws/src/first_challenge_shibata/install/first_challenge_shibata/share/ament_index/resource_index/parent_prefix_path/first_challenge_shibata
-- Symlinking: /home/user/ws/src/first_challenge_shibata/install/first_challenge_shibata/share/first_challenge_shibata/environment/ament_prefix_path.sh
-- Symlinking: /home/user/ws/src/first_challenge_shibata/install/first_challenge_shibata/share/first_challenge_shibata/environment/ament_prefix_path.dsv
-- Symlinking: /home/user/ws/src/first_challenge_shibata/install/first_challenge_shibata/share/first_challenge_shibata/environment/path.sh
-- Symlinking: /home/user/ws/src/first_challenge_shibata/install/first_challenge_shibata/share/first_challenge_shibata/environment/path.dsv
-- Symlinking: /home/user/ws/src/first_challenge_shibata/install/first_challenge_shibata/share/first_challenge_shibata/local_setup.bash
-- Symlinking: /home/user/ws/src/first_challenge_shibata/install/first_challenge_shibata/share/first_challenge_shibata/local_setup.sh
-- Symlinking: /home/user/ws/src/first_challenge_shibata/install/first_challenge_shibata/share/first_challenge_shibata/local_setup.zsh
-- Symlinking: /home/user/ws/src/first_challenge_shibata/install/first_challenge_shibata/share/first_challenge_shibata/local_setup.dsv
-- Symlinking: /home/user/ws/src/first_challenge_shibata/install/first_challenge_shibata/share/first_challenge_shibata/package.dsv
-- Symlinking: /home/user/ws/src/first_challenge_shibata/install/first_challenge_shibata/share/ament_index/resource_index/packages/first_challenge_shibata
-- Symlinking: /home/user/ws/src/first_challenge_shibata/install/first_challenge_shibata/share/first_challenge_shibata/cmake/ament_cmake_export_dependencies-extras.cmake
-- Symlinking: /home/user/ws/src/first_challenge_shibata/install/first_challenge_shibata/share/first_challenge_shibata/cmake/ament_cmake_export_include_directories-extras.cmake
-- Symlinking: /home/user/ws/src/first_challenge_shibata/install/first_challenge_shibata/share/first_challenge_shibata/cmake/first_challenge_shibataConfig.cmake
-- Symlinking: /home/user/ws/src/first_challenge_shibata/install/first_challenge_shibata/share/first_challenge_shibata/cmake/first_challenge_shibataConfig-version.cmake
-- Symlinking: /home/user/ws/src/first_challenge_shibata/install/first_challenge_shibata/share/first_challenge_shibata/package.xml
