[0.025s] Invoking command in '/home/user/ws/src/first_challenge_shibata/build/first_challenge_shibata': CMAKE_PREFIX_PATH=${CMAKE_PREFIX_PATH}:/home/user/ws/install/turtlesim_controller_py:/opt/ros/humble /usr/bin/cmake /home/user/ws/src/first_challenge_shibata -DCMAKE_BUILD_TYPE=RelWithDebInfo -DAMENT_CMAKE_SYMLINK_INSTALL=1 -DCMAKE_INSTALL_PREFIX=/home/user/ws/src/first_challenge_shibata/install/first_challenge_shibata
[0.314s] -- The C compiler identification is GNU 11.4.0
[0.429s] -- The CXX compiler identification is GNU 11.4.0
[0.443s] -- Detecting C compiler ABI info
[0.518s] -- Detecting C compiler ABI info - done
[0.523s] -- Check for working C compiler: /usr/bin/cc - skipped
[0.524s] -- Detecting C compile features
[0.525s] -- Detecting C compile features - done
[0.529s] -- Detecting CXX compiler ABI info
[0.599s] -- Detecting CXX compiler ABI info - done
[0.603s] -- Check for working CXX compiler: /usr/bin/c++ - skipped
[0.603s] -- Detecting CXX compile features
[0.604s] -- Detecting CXX compile features - done
[0.611s] -- Found ament_cmake_auto: 1.3.12 (/opt/ros/humble/share/ament_cmake_auto/cmake)
[0.748s] -- Found Python3: /usr/bin/python3 (found version "3.10.12") found components: Interpreter 
[0.814s] -- Override CMake install command with custom implementation using symlinks instead of copying resources
[0.870s] -- Found geometry_msgs: 4.9.0 (/opt/ros/humble/share/geometry_msgs/cmake)
[0.938s] -- Found rosidl_generator_c: 3.1.8 (/opt/ros/humble/share/rosidl_generator_c/cmake)
[0.947s] -- Found rosidl_adapter: 3.1.8 (/opt/ros/humble/share/rosidl_adapter/cmake)
[0.962s] -- Found rosidl_generator_cpp: 3.1.8 (/opt/ros/humble/share/rosidl_generator_cpp/cmake)
[0.986s] -- Using all available rosidl_typesupport_c: rosidl_typesupport_fastrtps_c;rosidl_typesupport_introspection_c
[1.010s] -- Using all available rosidl_typesupport_cpp: rosidl_typesupport_fastrtps_cpp;rosidl_typesupport_introspection_cpp
[1.064s] -- Found rclcpp: 16.0.17 (/opt/ros/humble/share/rclcpp/cmake)
[1.129s] -- Found rmw_implementation_cmake: 6.1.2 (/opt/ros/humble/share/rmw_implementation_cmake/cmake)
[1.135s] -- Found rmw_fastrtps_cpp: 6.2.9 (/opt/ros/humble/share/rmw_fastrtps_cpp/cmake)
[1.248s] -- Found OpenSSL: /usr/lib/x86_64-linux-gnu/libcrypto.so (found version "3.0.2")  
[1.273s] -- Found FastRTPS: /opt/ros/humble/include  
[1.304s] -- Using RMW implementation 'rmw_fastrtps_cpp' as default
[1.320s] -- Looking for pthread.h
[1.402s] -- Looking for pthread.h - found
[1.402s] -- Performing Test CMAKE_HAVE_LIBC_PTHREAD
[1.463s] -- Performing Test CMAKE_HAVE_LIBC_PTHREAD - Success
[1.464s] -- Found Threads: TRUE  
[1.519s] -- Found nav_msgs: 4.9.0 (/opt/ros/humble/share/nav_msgs/cmake)
[1.596s] [0mIn this package, headers install destination is set to `include` by ament_auto_package. It is recommended to install `include/first_challenge_shibata` instead and will be the default behavior of ament_auto_package from ROS 2 Kilted Kaiju. On distributions before Kilted, ament_auto_package behaves the same way when you use USE_SCOPED_HEADER_INSTALL_DIR option.[0m
[1.606s] -- Configuring done
[1.616s] -- Generating done
[1.619s] -- Build files have been written to: /home/user/ws/src/first_challenge_shibata/build/first_challenge_shibata
[1.628s] Invoked command in '/home/user/ws/src/first_challenge_shibata/build/first_challenge_shibata' returned '0': CMAKE_PREFIX_PATH=${CMAKE_PREFIX_PATH}:/home/user/ws/install/turtlesim_controller_py:/opt/ros/humble /usr/bin/cmake /home/user/ws/src/first_challenge_shibata -DCMAKE_BUILD_TYPE=RelWithDebInfo -DAMENT_CMAKE_SYMLINK_INSTALL=1 -DCMAKE_INSTALL_PREFIX=/home/user/ws/src/first_challenge_shibata/install/first_challenge_shibata
[1.630s] Invoking command in '/home/user/ws/src/first_challenge_shibata/build/first_challenge_shibata': CMAKE_PREFIX_PATH=${CMAKE_PREFIX_PATH}:/home/user/ws/install/turtlesim_controller_py:/opt/ros/humble /usr/bin/cmake --build /home/user/ws/src/first_challenge_shibata/build/first_challenge_shibata -- -j16 -l16
[1.665s] [ 33%] [32mBuilding CXX object CMakeFiles/first_challenge_node.dir/src/first_challenge.cpp.o[0m
[1.665s] [ 66%] [32mBuilding CXX object CMakeFiles/first_challenge_node.dir/src/first_challenge_node.cpp.o[0m
[12.929s] [100%] [32m[1mLinking CXX executable first_challenge_node[0m
[13.167s] [100%] Built target first_challenge_node
[13.177s] Invoked command in '/home/user/ws/src/first_challenge_shibata/build/first_challenge_shibata' returned '0': CMAKE_PREFIX_PATH=${CMAKE_PREFIX_PATH}:/home/user/ws/install/turtlesim_controller_py:/opt/ros/humble /usr/bin/cmake --build /home/user/ws/src/first_challenge_shibata/build/first_challenge_shibata -- -j16 -l16
[13.185s] Invoking command in '/home/user/ws/src/first_challenge_shibata/build/first_challenge_shibata': CMAKE_PREFIX_PATH=${CMAKE_PREFIX_PATH}:/home/user/ws/install/turtlesim_controller_py:/opt/ros/humble /usr/bin/cmake --install /home/user/ws/src/first_challenge_shibata/build/first_challenge_shibata
[13.189s] -- Install configuration: "RelWithDebInfo"
[13.190s] -- Execute custom install script
[13.192s] -- Symlinking: /home/user/ws/src/first_challenge_shibata/install/first_challenge_shibata/share/first_challenge_shibata//launch/first_challenge.launch.xml
[13.199s] -- Symlinking: /home/user/ws/src/first_challenge_shibata/install/first_challenge_shibata/include/first_challenge/first_challenge.hpp
[13.206s] -- Symlinking: /home/user/ws/src/first_challenge_shibata/install/first_challenge_shibata/lib/first_challenge_shibata/first_challenge_node
[13.213s] -- Symlinking: /home/user/ws/src/first_challenge_shibata/install/first_challenge_shibata/share/ament_index/resource_index/package_run_dependencies/first_challenge_shibata
[13.220s] -- Symlinking: /home/user/ws/src/first_challenge_shibata/install/first_challenge_shibata/share/ament_index/resource_index/parent_prefix_path/first_challenge_shibata
[13.227s] -- Symlinking: /home/user/ws/src/first_challenge_shibata/install/first_challenge_shibata/share/first_challenge_shibata/environment/ament_prefix_path.sh
[13.233s] -- Symlinking: /home/user/ws/src/first_challenge_shibata/install/first_challenge_shibata/share/first_challenge_shibata/environment/ament_prefix_path.dsv
[13.239s] -- Symlinking: /home/user/ws/src/first_challenge_shibata/install/first_challenge_shibata/share/first_challenge_shibata/environment/path.sh
[13.246s] -- Symlinking: /home/user/ws/src/first_challenge_shibata/install/first_challenge_shibata/share/first_challenge_shibata/environment/path.dsv
[13.252s] -- Symlinking: /home/user/ws/src/first_challenge_shibata/install/first_challenge_shibata/share/first_challenge_shibata/local_setup.bash
[13.259s] -- Symlinking: /home/user/ws/src/first_challenge_shibata/install/first_challenge_shibata/share/first_challenge_shibata/local_setup.sh
[13.265s] -- Symlinking: /home/user/ws/src/first_challenge_shibata/install/first_challenge_shibata/share/first_challenge_shibata/local_setup.zsh
[13.272s] -- Symlinking: /home/user/ws/src/first_challenge_shibata/install/first_challenge_shibata/share/first_challenge_shibata/local_setup.dsv
[13.279s] -- Symlinking: /home/user/ws/src/first_challenge_shibata/install/first_challenge_shibata/share/first_challenge_shibata/package.dsv
[13.286s] -- Symlinking: /home/user/ws/src/first_challenge_shibata/install/first_challenge_shibata/share/ament_index/resource_index/packages/first_challenge_shibata
[13.293s] -- Symlinking: /home/user/ws/src/first_challenge_shibata/install/first_challenge_shibata/share/first_challenge_shibata/cmake/ament_cmake_export_dependencies-extras.cmake
[13.301s] -- Symlinking: /home/user/ws/src/first_challenge_shibata/install/first_challenge_shibata/share/first_challenge_shibata/cmake/ament_cmake_export_include_directories-extras.cmake
[13.308s] -- Symlinking: /home/user/ws/src/first_challenge_shibata/install/first_challenge_shibata/share/first_challenge_shibata/cmake/first_challenge_shibataConfig.cmake
[13.316s] -- Symlinking: /home/user/ws/src/first_challenge_shibata/install/first_challenge_shibata/share/first_challenge_shibata/cmake/first_challenge_shibataConfig-version.cmake
[13.323s] -- Symlinking: /home/user/ws/src/first_challenge_shibata/install/first_challenge_shibata/share/first_challenge_shibata/package.xml
[13.331s] Invoked command in '/home/user/ws/src/first_challenge_shibata/build/first_challenge_shibata' returned '0': CMAKE_PREFIX_PATH=${CMAKE_PREFIX_PATH}:/home/user/ws/install/turtlesim_controller_py:/opt/ros/humble /usr/bin/cmake --install /home/user/ws/src/first_challenge_shibata/build/first_challenge_shibata
